[ 2025-01-31 14:19:29,217 ] 1025 httpx - INFO - HTTP Request: GET https://dagshub.com/api/v1/user "HTTP/1.1 200 OK"
[ 2025-01-31 14:19:29,222 ] 107 dagshub - INFO - Accessing as soumyajitbhandary9
[ 2025-01-31 14:19:29,627 ] 1025 httpx - INFO - HTTP Request: GET https://dagshub.com/api/v1/repos/soumyajitbhandary9/networksecurity "HTTP/1.1 200 OK"
[ 2025-01-31 14:19:30,037 ] 1025 httpx - INFO - HTTP Request: GET https://dagshub.com/api/v1/user "HTTP/1.1 200 OK"
[ 2025-01-31 14:19:30,044 ] 107 dagshub - INFO - Initialized MLflow to track repo "soumyajitbhandary9/networksecurity"
[ 2025-01-31 14:19:30,056 ] 107 dagshub - INFO - Repository soumyajitbhandary9/networksecurity initialized!
[ 2025-01-31 14:20:18,328 ] 42 root - INFO - Start data Ingestion
[ 2025-01-31 14:20:26,568 ] 65 root - INFO - Performed train test split on the dataframe
[ 2025-01-31 14:20:26,568 ] 67 root - INFO - Exited split_data_as_train_test method of Data_Ingestion class
[ 2025-01-31 14:20:26,571 ] 75 root - INFO - Exporting train and test file path.
[ 2025-01-31 14:20:26,807 ] 84 root - INFO - Exported train and test file path.
[ 2025-01-31 14:20:26,808 ] 45 root - INFO - Data Ingestion completed and artifact: DataIngestionArtifact(trained_file_path='Artifacts\\01_31_2025_14_19_14\\data_ingestion\\ingested\\train.csv', test_file_path='Artifacts\\01_31_2025_14_19_14\\data_ingestion\\ingested\\test.csv')
[ 2025-01-31 14:20:26,874 ] 55 root - INFO - Initiate the data Validation
[ 2025-01-31 14:20:27,002 ] 32 root - INFO - Required number of columns:2
[ 2025-01-31 14:20:27,002 ] 33 root - INFO - Data frame has columns:31
[ 2025-01-31 14:20:27,003 ] 32 root - INFO - Required number of columns:2
[ 2025-01-31 14:20:27,003 ] 33 root - INFO - Data frame has columns:31
[ 2025-01-31 14:20:27,494 ] 63 root - INFO - Entered initiate_data_transformation method of DataTransformation class
[ 2025-01-31 14:20:27,494 ] 65 root - INFO - Starting data transformation
[ 2025-01-31 14:20:27,527 ] 48 root - INFO - Entered get_data_trnasformer_object method of Trnasformation class
[ 2025-01-31 14:20:27,527 ] 53 root - INFO - Initialise KNNImputer with {'missing_values': nan, 'n_neighbors': 3, 'weights': 'uniform'}
[ 2025-01-31 14:20:27,554 ] 47 root - INFO - Entered the save_object method of MainUtils class
[ 2025-01-31 14:20:27,557 ] 51 root - INFO - Exited the save_object method of MainUtils class
[ 2025-01-31 14:20:27,557 ] 47 root - INFO - Entered the save_object method of MainUtils class
[ 2025-01-31 14:20:27,561 ] 51 root - INFO - Exited the save_object method of MainUtils class
[ 2025-01-31 14:24:57,839 ] 47 root - INFO - Entered the save_object method of MainUtils class
[ 2025-01-31 14:24:57,840 ] 51 root - INFO - Exited the save_object method of MainUtils class
[ 2025-01-31 14:24:57,840 ] 47 root - INFO - Entered the save_object method of MainUtils class
[ 2025-01-31 14:24:57,875 ] 51 root - INFO - Exited the save_object method of MainUtils class
[ 2025-01-31 14:24:57,875 ] 131 root - INFO - Model trainer artifact: ModelTrainerArtifact(trained_model_file_path='Artifacts\\01_31_2025_14_19_14\\model_trainer\\trained_model\\model.pkl', train_metric_artifact=ClassificationMetricArtifact(f1_score=0.991562876657292, precision_score=0.9891783567134268, recall_score=0.9939589206604913), test_metric_artifact=ClassificationMetricArtifact(f1_score=0.9755491089929549, precision_score=0.9631751227495908, recall_score=0.9882451721242653))
