[ 2025-01-30 20:47:36,036 ] 1025 httpx - INFO - HTTP Request: POST https://dagshub.com/login/oauth/middleman "HTTP/1.1 200 OK"
[ 2025-01-30 20:47:36,514 ] 1025 httpx - INFO - HTTP Request: POST https://dagshub.com/login/oauth/access_token "HTTP/1.1 200 OK"
[ 2025-01-30 20:47:36,986 ] 1025 httpx - INFO - HTTP Request: GET https://dagshub.com/api/v1/user "HTTP/1.1 200 OK"
[ 2025-01-30 20:47:36,996 ] 107 dagshub - INFO - Accessing as soumyajitbhandary9
[ 2025-01-30 20:47:37,586 ] 1025 httpx - INFO - HTTP Request: GET https://dagshub.com/api/v1/repos/soumyajitbhandary9/networksecurity "HTTP/1.1 200 OK"
[ 2025-01-30 20:47:38,090 ] 1025 httpx - INFO - HTTP Request: GET https://dagshub.com/api/v1/user "HTTP/1.1 200 OK"
[ 2025-01-30 20:47:38,096 ] 107 dagshub - INFO - Initialized MLflow to track repo "soumyajitbhandary9/networksecurity"
[ 2025-01-30 20:47:38,097 ] 107 dagshub - INFO - Repository soumyajitbhandary9/networksecurity initialized!
[ 2025-01-30 20:47:38,098 ] 17 root - INFO - Initiate the data ingestion
[ 2025-01-30 20:47:48,563 ] 65 root - INFO - Performed train test split on the dataframe
[ 2025-01-30 20:47:48,563 ] 67 root - INFO - Exited split_data_as_train_test method of Data_Ingestion class
[ 2025-01-30 20:47:48,563 ] 75 root - INFO - Exporting train and test file path.
[ 2025-01-30 20:47:48,619 ] 84 root - INFO - Exported train and test file path.
[ 2025-01-30 20:47:48,619 ] 19 root - INFO - Data Initiation Completed
[ 2025-01-30 20:47:48,627 ] 23 root - INFO - Initiate the data validation
[ 2025-01-30 20:47:48,687 ] 32 root - INFO - Required number of columns:2
[ 2025-01-30 20:47:48,687 ] 33 root - INFO - Data frame has columns:31
[ 2025-01-30 20:47:48,687 ] 32 root - INFO - Required number of columns:2
[ 2025-01-30 20:47:48,687 ] 33 root - INFO - Data frame has columns:31
[ 2025-01-30 20:47:48,834 ] 25 root - INFO - Data Validation Completed
[ 2025-01-30 20:47:48,834 ] 28 root - INFO - data Transformation started
[ 2025-01-30 20:47:48,835 ] 63 root - INFO - Entered initiate_data_transformation method of DataTransformation class
[ 2025-01-30 20:47:48,835 ] 65 root - INFO - Starting data transformation
[ 2025-01-30 20:47:48,861 ] 48 root - INFO - Entered get_data_trnasformer_object method of Trnasformation class
[ 2025-01-30 20:47:48,862 ] 53 root - INFO - Initialise KNNImputer with {'missing_values': nan, 'n_neighbors': 3, 'weights': 'uniform'}
[ 2025-01-30 20:47:48,876 ] 47 root - INFO - Entered the save_object method of MainUtils class
[ 2025-01-30 20:47:48,879 ] 51 root - INFO - Exited the save_object method of MainUtils class
[ 2025-01-30 20:47:48,879 ] 47 root - INFO - Entered the save_object method of MainUtils class
[ 2025-01-30 20:47:48,881 ] 51 root - INFO - Exited the save_object method of MainUtils class
[ 2025-01-30 20:47:48,883 ] 32 root - INFO - data Transformation completed
[ 2025-01-30 20:47:48,883 ] 34 root - INFO - Model Training sstared
[ 2025-01-30 20:53:13,711 ] 47 root - INFO - Entered the save_object method of MainUtils class
[ 2025-01-30 20:53:13,712 ] 51 root - INFO - Exited the save_object method of MainUtils class
[ 2025-01-30 20:53:13,713 ] 47 root - INFO - Entered the save_object method of MainUtils class
[ 2025-01-30 20:53:13,765 ] 51 root - INFO - Exited the save_object method of MainUtils class
[ 2025-01-30 20:53:13,765 ] 138 root - INFO - Model trainer artifact: ModelTrainerArtifact(trained_model_file_path='Artifacts\\01_30_2025_20_47_25\\model_trainer\\trained_model\\model.pkl', train_metric_artifact=ClassificationMetricArtifact(f1_score=0.9913008294557961, precision_score=0.9887005649717514, recall_score=0.9939148073022313), test_metric_artifact=ClassificationMetricArtifact(f1_score=0.974089068825911, precision_score=0.9678197908286403, recall_score=0.980440097799511))
[ 2025-01-30 20:53:13,771 ] 39 root - INFO - Model Training artifact created
